c:\users\triti\onedrive\desktop\of_v0.11.2_vs2017_release\apps\myapps\project3\obj\win32\debug\src\main.obj
c:\users\triti\onedrive\desktop\of_v0.11.2_vs2017_release\apps\myapps\project3\obj\win32\debug\src\util.obj
c:\users\triti\onedrive\desktop\of_v0.11.2_vs2017_release\apps\myapps\project3\obj\win32\debug\src\octree.obj
c:\users\triti\onedrive\desktop\of_v0.11.2_vs2017_release\apps\myapps\project3\obj\win32\debug\src\box.obj
c:\users\triti\onedrive\desktop\of_v0.11.2_vs2017_release\apps\myapps\project3\obj\win32\debug\src\ofapp.obj
c:\users\triti\onedrive\desktop\of_v0.11.2_vs2017_release\apps\myapps\project3\addons\ofxassimpmodelloader\src\ofxassimpmodelloader.obj
c:\users\triti\onedrive\desktop\of_v0.11.2_vs2017_release\apps\myapps\project3\addons\ofxassimpmodelloader\src\ofxassimptexture.obj
c:\users\triti\onedrive\desktop\of_v0.11.2_vs2017_release\apps\myapps\project3\addons\ofxassimpmodelloader\src\ofxassimpmeshhelper.obj
c:\users\triti\onedrive\desktop\of_v0.11.2_vs2017_release\apps\myapps\project3\addons\ofxassimpmodelloader\src\ofxassimpanimation.obj
c:\users\triti\onedrive\desktop\of_v0.11.2_vs2017_release\apps\myapps\project3\obj\win32\debug\vc142.pdb
c:\users\triti\onedrive\desktop\of_v0.11.2_vs2017_release\apps\myapps\project3\addons\ofxgui\src\ofxpanel.obj
c:\users\triti\onedrive\desktop\of_v0.11.2_vs2017_release\apps\myapps\project3\addons\ofxgui\src\ofxbasegui.obj
c:\users\triti\onedrive\desktop\of_v0.11.2_vs2017_release\apps\myapps\project3\addons\ofxgui\src\ofxinputfield.obj
c:\users\triti\onedrive\desktop\of_v0.11.2_vs2017_release\apps\myapps\project3\addons\ofxgui\src\ofxcolorpicker.obj
c:\users\triti\onedrive\desktop\of_v0.11.2_vs2017_release\apps\myapps\project3\addons\ofxgui\src\ofxlabel.obj
c:\users\triti\onedrive\desktop\of_v0.11.2_vs2017_release\apps\myapps\project3\addons\ofxgui\src\ofxtoggle.obj
c:\users\triti\onedrive\desktop\of_v0.11.2_vs2017_release\apps\myapps\project3\addons\ofxgui\src\ofxguigroup.obj
c:\users\triti\onedrive\desktop\of_v0.11.2_vs2017_release\apps\myapps\project3\addons\ofxgui\src\ofxbutton.obj
c:\users\triti\onedrive\desktop\of_v0.11.2_vs2017_release\apps\myapps\project3\addons\ofxgui\src\ofxslidergroup.obj
c:\users\triti\onedrive\desktop\of_v0.11.2_vs2017_release\apps\myapps\project3\addons\ofxgui\src\ofxslider.obj
c:\users\triti\onedrive\desktop\of_v0.11.2_vs2017_release\apps\myapps\project3\bin\project3_debug.exe
c:\users\triti\onedrive\desktop\of_v0.11.2_vs2017_release\apps\myapps\project3\obj\win32\debug\project3_debug.ilk
c:\users\triti\onedrive\desktop\of_v0.11.2_vs2017_release\apps\myapps\project3\bin\project3_debug.pdb
c:\users\triti\onedrive\desktop\of_v0.11.2_vs2017_release\apps\myapps\project3\bin\project3_debug.lib
c:\users\triti\onedrive\desktop\of_v0.11.2_vs2017_release\apps\myapps\project3\bin\project3_debug.exp
c:\users\triti\onedrive\desktop\of_v0.11.2_vs2017_release\apps\myapps\project3\obj\win32\debug\icon.res
c:\users\triti\onedrive\desktop\of_v0.11.2_vs2017_release\apps\myapps\project3\obj\win32\debug\project3.tlog\cl.command.1.tlog
c:\users\triti\onedrive\desktop\of_v0.11.2_vs2017_release\apps\myapps\project3\obj\win32\debug\project3.tlog\cl.read.1.tlog
c:\users\triti\onedrive\desktop\of_v0.11.2_vs2017_release\apps\myapps\project3\obj\win32\debug\project3.tlog\cl.write.1.tlog
c:\users\triti\onedrive\desktop\of_v0.11.2_vs2017_release\apps\myapps\project3\obj\win32\debug\project3.tlog\link.command.1.tlog
c:\users\triti\onedrive\desktop\of_v0.11.2_vs2017_release\apps\myapps\project3\obj\win32\debug\project3.tlog\link.read.1.tlog
c:\users\triti\onedrive\desktop\of_v0.11.2_vs2017_release\apps\myapps\project3\obj\win32\debug\project3.tlog\link.write.1.tlog
c:\users\triti\onedrive\desktop\of_v0.11.2_vs2017_release\apps\myapps\project3\obj\win32\debug\project3.tlog\project3.write.1u.tlog
c:\users\triti\onedrive\desktop\of_v0.11.2_vs2017_release\apps\myapps\project3\obj\win32\debug\project3.tlog\rc.command.1.tlog
c:\users\triti\onedrive\desktop\of_v0.11.2_vs2017_release\apps\myapps\project3\obj\win32\debug\project3.tlog\rc.read.1.tlog
c:\users\triti\onedrive\desktop\of_v0.11.2_vs2017_release\apps\myapps\project3\obj\win32\debug\project3.tlog\rc.write.1.tlog
